#
# There is insufficient memory for the Java Runtime Environment to continue.
# Native memory allocation (malloc) failed to allocate 32744 bytes for ChunkPool::allocate
# Possible reasons:
#   The system is out of physical RAM or swap space
#   The process is running with CompressedOops enabled, and the Java Heap may be blocking the growth of the native heap
# Possible solutions:
#   Reduce memory load on the system
#   Increase physical memory or swap space
#   Check if swap backing store is full
#   Decrease Java heap size (-Xmx/-Xms)
#   Decrease number of Java threads
#   Decrease Java thread stack sizes (-Xss)
#   Set larger code cache with -XX:ReservedCodeCacheSize=
#   JVM is running with Unscaled Compressed Oops mode in which the Java heap is
#     placed in the first 4GB address space. The Java Heap base address is the
#     maximum limit for the native heap growth. Please use -XX:HeapBaseMinAddress
#     to set the Java Heap base and to place the Java Heap above 4GB virtual address.
# This output file may be truncated or incomplete.
#
#  Out of Memory Error (./open/src/hotspot/share/memory/arena.cpp:79), pid=20388, tid=19760
#
# JRE version: Java(TM) SE Runtime Environment (15.0.1+9) (build 15.0.1+9-18)
# Java VM: Java HotSpot(TM) 64-Bit Server VM (15.0.1+9-18, mixed mode, sharing, tiered, compressed oops, g1 gc, windows-amd64)
# No core dump will be written. Minidumps are not enabled by default on client versions of Windows
#

---------------  S U M M A R Y ------------

Command Line: -Xmx64m -Xms64m -Dorg.gradle.appname=gradlew org.gradle.wrapper.GradleWrapperMain app:installDebug -PreactNativeDevServerPort=8081

Host: AMD Ryzen 5 4600H with Radeon Graphics         , 12 cores, 15G,  Windows 10 , 64 bit Build 19041 (10.0.19041.2913)
Time: Wed May 17 14:50:24 2023 SE Asia Standard Time elapsed time: 87.144137 seconds (0d 0h 1m 27s)

---------------  T H R E A D  ---------------

Current thread (0x0000024965ef2c80):  JavaThread "C2 CompilerThread0" daemon [_thread_in_native, id=19760, stack(0x0000006b07700000,0x0000006b07800000)]


Current CompileTask:
C2:  87144 1707       4       org.gradle.internal.serialize.kryo.KryoBackedDecoder::maybeReadBytes (11 bytes)

Stack: [0x0000006b07700000,0x0000006b07800000]
Native frames: (J=compiled Java code, j=interpreted, Vv=VM code, C=native code)
V  [jvm.dll+0x62ae9a]
V  [jvm.dll+0x781389]
V  [jvm.dll+0x782ae3]
V  [jvm.dll+0x783143]
V  [jvm.dll+0x216265]
V  [jvm.dll+0x9828f]
V  [jvm.dll+0x985dc]
V  [jvm.dll+0x27a215]
V  [jvm.dll+0x5408d4]
V  [jvm.dll+0x1f3064]
V  [jvm.dll+0x1eca31]
V  [jvm.dll+0x1e97a7]
V  [jvm.dll+0x1784c7]
V  [jvm.dll+0x1f9165]
V  [jvm.dll+0x1f720c]
V  [jvm.dll+0x74485d]
V  [jvm.dll+0x73d65a]
V  [jvm.dll+0x629c56]
C  [ucrtbase.dll+0x21bb2]
C  [KERNEL32.DLL+0x17614]
C  [ntdll.dll+0x526a1]


---------------  P R O C E S S  ---------------

Threads class SMR info:
_java_thread_list=0x0000024966cb1330, length=12, elements={
0x00000249499def50, 0x0000024965ecffe0, 0x0000024965ed0fd0, 0x0000024965eec550,
0x0000024965eeef20, 0x0000024965ef19e0, 0x0000024965ef2c80, 0x0000024965ef6d20,
0x0000024965ef7810, 0x0000024966934e40, 0x000002496694f660, 0x00000249678dcc20
}

Java Threads: ( => current thread )
  0x00000249499def50 JavaThread "main" [_thread_blocked, id=2116, stack(0x0000006b06b00000,0x0000006b06c00000)]
  0x0000024965ecffe0 JavaThread "Reference Handler" daemon [_thread_blocked, id=5524, stack(0x0000006b07200000,0x0000006b07300000)]
  0x0000024965ed0fd0 JavaThread "Finalizer" daemon [_thread_blocked, id=10040, stack(0x0000006b07300000,0x0000006b07400000)]
  0x0000024965eec550 JavaThread "Signal Dispatcher" daemon [_thread_blocked, id=20280, stack(0x0000006b07400000,0x0000006b07500000)]
  0x0000024965eeef20 JavaThread "Attach Listener" daemon [_thread_blocked, id=22000, stack(0x0000006b07500000,0x0000006b07600000)]
  0x0000024965ef19e0 JavaThread "Service Thread" daemon [_thread_blocked, id=9352, stack(0x0000006b07600000,0x0000006b07700000)]
=>0x0000024965ef2c80 JavaThread "C2 CompilerThread0" daemon [_thread_in_native, id=19760, stack(0x0000006b07700000,0x0000006b07800000)]
  0x0000024965ef6d20 JavaThread "C1 CompilerThread0" daemon [_thread_in_native, id=24236, stack(0x0000006b07800000,0x0000006b07900000)]
  0x0000024965ef7810 JavaThread "Sweeper thread" daemon [_thread_blocked, id=19060, stack(0x0000006b07900000,0x0000006b07a00000)]
  0x0000024966934e40 JavaThread "Notification Thread" daemon [_thread_blocked, id=17524, stack(0x0000006b07a00000,0x0000006b07b00000)]
  0x000002496694f660 JavaThread "Common-Cleaner" daemon [_thread_blocked, id=12504, stack(0x0000006b07c00000,0x0000006b07d00000)]
  0x00000249678dcc20 JavaThread "DisconnectableInputStream source reader" daemon [_thread_in_native, id=23864, stack(0x0000006b08000000,0x0000006b08100000)]

Other Threads:
  0x0000024949aab290 VMThread "VM Thread" [stack: 0x0000006b07100000,0x0000006b07200000] [id=14944]
  0x000002496694cb30 WatcherThread [stack: 0x0000006b07b00000,0x0000006b07c00000] [id=23356]
  0x00000249499fad40 GCTaskThread "GC Thread#0" [stack: 0x0000006b06c00000,0x0000006b06d00000] [id=2444]
  0x0000024966bb5ab0 GCTaskThread "GC Thread#1" [stack: 0x0000006b07e00000,0x0000006b07f00000] [id=6848]
  0x00000249499fc690 ConcurrentGCThread "G1 Main Marker" [stack: 0x0000006b06d00000,0x0000006b06e00000] [id=8104]
  0x00000249499fd290 ConcurrentGCThread "G1 Conc#0" [stack: 0x0000006b06e00000,0x0000006b06f00000] [id=5656]
  0x0000024949a65970 ConcurrentGCThread "G1 Refine#0" [stack: 0x0000006b06f00000,0x0000006b07000000] [id=14540]
  0x0000024949a66570 ConcurrentGCThread "G1 Young RemSet Sampling" [stack: 0x0000006b07000000,0x0000006b07100000] [id=21728]

Threads with active compile tasks:
C2 CompilerThread0    87157 1707       4       org.gradle.internal.serialize.kryo.KryoBackedDecoder::maybeReadBytes (11 bytes)
C1 CompilerThread0    87157 1693       3       java.net.URLStreamHandler::parseURL (1201 bytes)

VM state: not at safepoint (normal execution)

VM Mutex/Monitor currently owned by a thread: None

Heap address: 0x00000000fc000000, size: 64 MB, Compressed Oops mode: 32-bit
CDS archive(s) mapped at: [0x0000000800000000-0x0000000800b50000-0x0000000800b50000), size 11862016, SharedBaseAddress: 0x0000000800000000, ArchiveRelocationMode: 0.
Compressed class space mapped at: 0x0000000800b50000-0x0000000840b50000, size: 1073741824
Narrow klass base: 0x0000000800000000, Narrow klass shift: 3, Narrow klass range: 0x100000000

GC Precious Log:
 CPUs: 12 total, 12 available
 Memory: 16253M
 Large Page Support: Disabled
 NUMA Support: Disabled
 Compressed Oops: Enabled (32-bit)
 Heap Region Size: 1M
 Heap Min Capacity: 64M
 Heap Initial Capacity: 64M
 Heap Max Capacity: 64M
 Pre-touch: Disabled
 Parallel Workers: 10
 Concurrent Workers: 3
 Concurrent Refinement Workers: 10
 Periodic GC: Disabled

Heap:
 garbage-first heap   total 65536K, used 26621K [0x00000000fc000000, 0x0000000100000000)
  region size 1024K, 21 young (21504K), 3 survivors (3072K)
 Metaspace       used 9302K, capacity 9551K, committed 9728K, reserved 1058816K
  class space    used 1188K, capacity 1273K, committed 1280K, reserved 1048576K

Heap Regions: E=young(eden), S=young(survivor), O=old, HS=humongous(starts), HC=humongous(continues), CS=collection set, F=free, OA=open archive, CA=closed archive, TAMS=top-at-mark-start (previous, next)
|   0|0x00000000fc000000, 0x00000000fc000000, 0x00000000fc100000|  0%| F|  |TAMS 0x00000000fc000000, 0x00000000fc000000| Untracked 
|   1|0x00000000fc100000, 0x00000000fc100000, 0x00000000fc200000|  0%| F|  |TAMS 0x00000000fc100000, 0x00000000fc100000| Untracked 
|   2|0x00000000fc200000, 0x00000000fc200000, 0x00000000fc300000|  0%| F|  |TAMS 0x00000000fc200000, 0x00000000fc200000| Untracked 
|   3|0x00000000fc300000, 0x00000000fc400000, 0x00000000fc400000|100%|HS|  |TAMS 0x00000000fc300000, 0x00000000fc300000| Complete 
|   4|0x00000000fc400000, 0x00000000fc500000, 0x00000000fc500000|100%|HC|  |TAMS 0x00000000fc400000, 0x00000000fc400000| Complete 
|   5|0x00000000fc500000, 0x00000000fc600000, 0x00000000fc600000|100%|HC|  |TAMS 0x00000000fc500000, 0x00000000fc500000| Complete 
|   6|0x00000000fc600000, 0x00000000fc700000, 0x00000000fc700000|100%| O|  |TAMS 0x00000000fc600000, 0x00000000fc600000| Untracked 
|   7|0x00000000fc700000, 0x00000000fc800000, 0x00000000fc800000|100%| O|  |TAMS 0x00000000fc700000, 0x00000000fc700000| Untracked 
|   8|0x00000000fc800000, 0x00000000fc8ff600, 0x00000000fc900000| 99%| O|  |TAMS 0x00000000fc800000, 0x00000000fc800000| Untracked 
|   9|0x00000000fc900000, 0x00000000fc900000, 0x00000000fca00000|  0%| F|  |TAMS 0x00000000fc900000, 0x00000000fc900000| Untracked 
|  10|0x00000000fca00000, 0x00000000fca00000, 0x00000000fcb00000|  0%| F|  |TAMS 0x00000000fca00000, 0x00000000fca00000| Untracked 
|  11|0x00000000fcb00000, 0x00000000fcb00000, 0x00000000fcc00000|  0%| F|  |TAMS 0x00000000fcb00000, 0x00000000fcb00000| Untracked 
|  12|0x00000000fcc00000, 0x00000000fcc00000, 0x00000000fcd00000|  0%| F|  |TAMS 0x00000000fcc00000, 0x00000000fcc00000| Untracked 
|  13|0x00000000fcd00000, 0x00000000fcd00000, 0x00000000fce00000|  0%| F|  |TAMS 0x00000000fcd00000, 0x00000000fcd00000| Untracked 
|  14|0x00000000fce00000, 0x00000000fce00000, 0x00000000fcf00000|  0%| F|  |TAMS 0x00000000fce00000, 0x00000000fce00000| Untracked 
|  15|0x00000000fcf00000, 0x00000000fcf00000, 0x00000000fd000000|  0%| F|  |TAMS 0x00000000fcf00000, 0x00000000fcf00000| Untracked 
|  16|0x00000000fd000000, 0x00000000fd000000, 0x00000000fd100000|  0%| F|  |TAMS 0x00000000fd000000, 0x00000000fd000000| Untracked 
|  17|0x00000000fd100000, 0x00000000fd100000, 0x00000000fd200000|  0%| F|  |TAMS 0x00000000fd100000, 0x00000000fd100000| Untracked 
|  18|0x00000000fd200000, 0x00000000fd200000, 0x00000000fd300000|  0%| F|  |TAMS 0x00000000fd200000, 0x00000000fd200000| Untracked 
|  19|0x00000000fd300000, 0x00000000fd300000, 0x00000000fd400000|  0%| F|  |TAMS 0x00000000fd300000, 0x00000000fd300000| Untracked 
|  20|0x00000000fd400000, 0x00000000fd400000, 0x00000000fd500000|  0%| F|  |TAMS 0x00000000fd400000, 0x00000000fd400000| Untracked 
|  21|0x00000000fd500000, 0x00000000fd500000, 0x00000000fd600000|  0%| F|  |TAMS 0x00000000fd500000, 0x00000000fd500000| Untracked 
|  22|0x00000000fd600000, 0x00000000fd600000, 0x00000000fd700000|  0%| F|  |TAMS 0x00000000fd600000, 0x00000000fd600000| Untracked 
|  23|0x00000000fd700000, 0x00000000fd700000, 0x00000000fd800000|  0%| F|  |TAMS 0x00000000fd700000, 0x00000000fd700000| Untracked 
|  24|0x00000000fd800000, 0x00000000fd800000, 0x00000000fd900000|  0%| F|  |TAMS 0x00000000fd800000, 0x00000000fd800000| Untracked 
|  25|0x00000000fd900000, 0x00000000fd900000, 0x00000000fda00000|  0%| F|  |TAMS 0x00000000fd900000, 0x00000000fd900000| Untracked 
|  26|0x00000000fda00000, 0x00000000fda00000, 0x00000000fdb00000|  0%| F|  |TAMS 0x00000000fda00000, 0x00000000fda00000| Untracked 
|  27|0x00000000fdb00000, 0x00000000fdb00000, 0x00000000fdc00000|  0%| F|  |TAMS 0x00000000fdb00000, 0x00000000fdb00000| Untracked 
|  28|0x00000000fdc00000, 0x00000000fdc00000, 0x00000000fdd00000|  0%| F|  |TAMS 0x00000000fdc00000, 0x00000000fdc00000| Untracked 
|  29|0x00000000fdd00000, 0x00000000fdd00000, 0x00000000fde00000|  0%| F|  |TAMS 0x00000000fdd00000, 0x00000000fdd00000| Untracked 
|  30|0x00000000fde00000, 0x00000000fde00000, 0x00000000fdf00000|  0%| F|  |TAMS 0x00000000fde00000, 0x00000000fde00000| Untracked 
|  31|0x00000000fdf00000, 0x00000000fdf00000, 0x00000000fe000000|  0%| F|  |TAMS 0x00000000fdf00000, 0x00000000fdf00000| Untracked 
|  32|0x00000000fe000000, 0x00000000fe000000, 0x00000000fe100000|  0%| F|  |TAMS 0x00000000fe000000, 0x00000000fe000000| Untracked 
|  33|0x00000000fe100000, 0x00000000fe100000, 0x00000000fe200000|  0%| F|  |TAMS 0x00000000fe100000, 0x00000000fe100000| Untracked 
|  34|0x00000000fe200000, 0x00000000fe200000, 0x00000000fe300000|  0%| F|  |TAMS 0x00000000fe200000, 0x00000000fe200000| Untracked 
|  35|0x00000000fe300000, 0x00000000fe300000, 0x00000000fe400000|  0%| F|  |TAMS 0x00000000fe300000, 0x00000000fe300000| Untracked 
|  36|0x00000000fe400000, 0x00000000fe400000, 0x00000000fe500000|  0%| F|  |TAMS 0x00000000fe400000, 0x00000000fe400000| Untracked 
|  37|0x00000000fe500000, 0x00000000fe500000, 0x00000000fe600000|  0%| F|  |TAMS 0x00000000fe500000, 0x00000000fe500000| Untracked 
|  38|0x00000000fe600000, 0x00000000fe700000, 0x00000000fe700000|100%| S|CS|TAMS 0x00000000fe600000, 0x00000000fe600000| Complete 
|  39|0x00000000fe700000, 0x00000000fe800000, 0x00000000fe800000|100%| S|CS|TAMS 0x00000000fe700000, 0x00000000fe700000| Complete 
|  40|0x00000000fe800000, 0x00000000fe900000, 0x00000000fe900000|100%| S|CS|TAMS 0x00000000fe800000, 0x00000000fe800000| Complete 
|  41|0x00000000fe900000, 0x00000000fe900000, 0x00000000fea00000|  0%| F|  |TAMS 0x00000000fe900000, 0x00000000fe900000| Untracked 
|  42|0x00000000fea00000, 0x00000000fea00000, 0x00000000feb00000|  0%| F|  |TAMS 0x00000000fea00000, 0x00000000fea00000| Untracked 
|  43|0x00000000feb00000, 0x00000000feb00000, 0x00000000fec00000|  0%| F|  |TAMS 0x00000000feb00000, 0x00000000feb00000| Untracked 
|  44|0x00000000fec00000, 0x00000000fec00000, 0x00000000fed00000|  0%| F|  |TAMS 0x00000000fec00000, 0x00000000fec00000| Untracked 
|  45|0x00000000fed00000, 0x00000000fed00000, 0x00000000fee00000|  0%| F|  |TAMS 0x00000000fed00000, 0x00000000fed00000| Untracked 
|  46|0x00000000fee00000, 0x00000000fee00800, 0x00000000fef00000|  0%| E|  |TAMS 0x00000000fee00000, 0x00000000fee00000| Complete 
|  47|0x00000000fef00000, 0x00000000ff000000, 0x00000000ff000000|100%| E|CS|TAMS 0x00000000fef00000, 0x00000000fef00000| Complete 
|  48|0x00000000ff000000, 0x00000000ff100000, 0x00000000ff100000|100%| E|CS|TAMS 0x00000000ff000000, 0x00000000ff000000| Complete 
|  49|0x00000000ff100000, 0x00000000ff200000, 0x00000000ff200000|100%| E|CS|TAMS 0x00000000ff100000, 0x00000000ff100000| Complete 
|  50|0x00000000ff200000, 0x00000000ff300000, 0x00000000ff300000|100%| E|CS|TAMS 0x00000000ff200000, 0x00000000ff200000| Complete 
|  51|0x00000000ff300000, 0x00000000ff400000, 0x00000000ff400000|100%| E|CS|TAMS 0x00000000ff300000, 0x00000000ff300000| Complete 
|  52|0x00000000ff400000, 0x00000000ff500000, 0x00000000ff500000|100%| E|CS|TAMS 0x00000000ff400000, 0x00000000ff400000| Complete 
|  53|0x00000000ff500000, 0x00000000ff600000, 0x00000000ff600000|100%| E|CS|TAMS 0x00000000ff500000, 0x00000000ff500000| Complete 
|  54|0x00000000ff600000, 0x00000000ff700000, 0x00000000ff700000|100%| E|CS|TAMS 0x00000000ff600000, 0x00000000ff600000| Complete 
|  55|0x00000000ff700000, 0x00000000ff800000, 0x00000000ff800000|100%| E|CS|TAMS 0x00000000ff700000, 0x00000000ff700000| Complete 
|  56|0x00000000ff800000, 0x00000000ff900000, 0x00000000ff900000|100%| E|CS|TAMS 0x00000000ff800000, 0x00000000ff800000| Complete 
|  57|0x00000000ff900000, 0x00000000ffa00000, 0x00000000ffa00000|100%| E|CS|TAMS 0x00000000ff900000, 0x00000000ff900000| Complete 
|  58|0x00000000ffa00000, 0x00000000ffb00000, 0x00000000ffb00000|100%| E|CS|TAMS 0x00000000ffa00000, 0x00000000ffa00000| Complete 
|  59|0x00000000ffb00000, 0x00000000ffc00000, 0x00000000ffc00000|100%| E|CS|TAMS 0x00000000ffb00000, 0x00000000ffb00000| Complete 
|  60|0x00000000ffc00000, 0x00000000ffd00000, 0x00000000ffd00000|100%| E|CS|TAMS 0x00000000ffc00000, 0x00000000ffc00000| Complete 
|  61|0x00000000ffd00000, 0x00000000ffe00000, 0x00000000ffe00000|100%| E|CS|TAMS 0x00000000ffd00000, 0x00000000ffd00000| Complete 
|  62|0x00000000ffe00000, 0x00000000fff00000, 0x00000000fff00000|100%| E|CS|TAMS 0x00000000ffe00000, 0x00000000ffe00000| Complete 
|  63|0x00000000fff00000, 0x0000000100000000, 0x0000000100000000|100%| E|CS|TAMS 0x00000000fff00000, 0x00000000fff00000| Complete 

Card table byte_map: [0x0000024949af0000,0x0000024949b10000] _byte_map_base: 0x0000024949310000

Marking Bits (Prev, Next): (CMBitMap*) 0x00000249499fb530, (CMBitMap*) 0x00000249499fb570
 Prev Bits: [0x00000249630f0000, 0x00000249631f0000)
 Next Bits: [0x00000249631f0000, 0x00000249632f0000)

Polling page: 0x00000249497c0000

Metaspace:

Usage:
  Non-class:      8.08 MB capacity,     7.92 MB ( 98%) used,   151.34 KB (  2%) free+waste,    11.88 KB ( <1%) overhead. 
      Class:      1.24 MB capacity,     1.16 MB ( 93%) used,    78.76 KB (  6%) free+waste,     6.19 KB ( <1%) overhead. 
       Both:      9.33 MB capacity,     9.08 MB ( 97%) used,   230.09 KB (  2%) free+waste,    18.06 KB ( <1%) overhead. 

Virtual space:
  Non-class space:       10.00 MB reserved,       8.25 MB ( 82%) committed 
      Class space:        1.00 GB reserved,       1.25 MB ( <1%) committed 
             Both:        1.01 GB reserved,       9.50 MB ( <1%) committed 

Chunk freelists:
   Non-Class:  2.00 KB
       Class:  7.00 KB
        Both:  9.00 KB

MaxMetaspaceSize: 17179869184.00 GB
CompressedClassSpaceSize: 1.00 GB

CodeHeap 'non-profiled nmethods': size=120000Kb used=566Kb max_used=566Kb free=119433Kb
 bounds [0x000002495af00000, 0x000002495b170000, 0x0000024962430000]
CodeHeap 'profiled nmethods': size=120000Kb used=3104Kb max_used=3104Kb free=116895Kb
 bounds [0x00000249539d0000, 0x0000024953ce0000, 0x000002495af00000]
CodeHeap 'non-nmethods': size=5760Kb used=1182Kb max_used=1197Kb free=4577Kb
 bounds [0x0000024953430000, 0x00000249536a0000, 0x00000249539d0000]
 total_blobs=2139 nmethods=1694 adapters=358
 compilation: enabled
              stopped_count=0, restarted_count=0
 full_count=0

Compilation events (20 events):
Event: 87.095 Thread 0x0000024965ef6d20 nmethod 1687 0x0000024953cd5d90 code [0x0000024953cd5f80, 0x0000024953cd6568]
Event: 87.095 Thread 0x0000024965ef6d20 1691       3       java.io.ObjectInputStream::checkResolve (86 bytes)
Event: 87.096 Thread 0x0000024965ef6d20 nmethod 1691 0x0000024953cd6790 code [0x0000024953cd69c0, 0x0000024953cd7138]
Event: 87.096 Thread 0x0000024965ef6d20 1686       3       java.io.ObjectInputStream$HandleTable::assign (48 bytes)
Event: 87.096 Thread 0x0000024965ef6d20 nmethod 1686 0x0000024953cd7410 code [0x0000024953cd75e0, 0x0000024953cd7968]
Event: 87.097 Thread 0x0000024965ef6d20 1688       3       java.io.Bits::getShort (18 bytes)
Event: 87.097 Thread 0x0000024965ef6d20 nmethod 1688 0x0000024953cd7b10 code [0x0000024953cd7ca0, 0x0000024953cd7dd8]
Event: 87.097 Thread 0x0000024965ef6d20 1679       1       java.lang.reflect.Constructor::getDeclaringClass (5 bytes)
Event: 87.097 Thread 0x0000024965ef6d20 nmethod 1679 0x000002495af8be90 code [0x000002495af8c020, 0x000002495af8c0d8]
Event: 87.097 Thread 0x0000024965ef6d20 1677       1       java.lang.reflect.Field::getModifiers (5 bytes)
Event: 87.097 Thread 0x0000024965ef6d20 nmethod 1677 0x000002495af8c190 code [0x000002495af8c320, 0x000002495af8c3d8]
Event: 87.097 Thread 0x0000024965ef6d20 1692       3       sun.net.www.protocol.file.Handler::parseURL (18 bytes)
Event: 87.097 Thread 0x0000024965ef6d20 nmethod 1692 0x0000024953cd7f10 code [0x0000024953cd80c0, 0x0000024953cd8258]
Event: 87.097 Thread 0x0000024965ef6d20 1693       3       java.net.URLStreamHandler::parseURL (1201 bytes)
Event: 87.100 Thread 0x0000024965ef2c80 nmethod 1689 0x000002495af8c490 code [0x000002495af8c640, 0x000002495af8ccb8]
Event: 87.100 Thread 0x0000024965ef2c80 1690       4       java.lang.StringLatin1::charAt (28 bytes)
Event: 87.100 Thread 0x0000024965ef2c80 nmethod 1690 0x000002495af8d090 code [0x000002495af8d220, 0x000002495af8d2b8]
Event: 87.101 Thread 0x0000024965ef2c80 1704       4       java.lang.Class::getName (18 bytes)
Event: 87.102 Thread 0x0000024965ef2c80 nmethod 1704 0x000002495af8d390 code [0x000002495af8d520, 0x000002495af8d5a8]
Event: 87.106 Thread 0x0000024965ef2c80 1707       4       org.gradle.internal.serialize.kryo.KryoBackedDecoder::maybeReadBytes (11 bytes)

GC Heap History (2 events):
Event: 0.935 GC heap before
{Heap before GC invocations=0 (full 0):
 garbage-first heap   total 65536K, used 28672K [0x00000000fc000000, 0x0000000100000000)
  region size 1024K, 23 young (23552K), 0 survivors (0K)
 Metaspace       used 4133K, capacity 6564K, committed 6784K, reserved 1056768K
  class space    used 515K, capacity 780K, committed 896K, reserved 1048576K
}
Event: 0.942 GC heap after
{Heap after GC invocations=1 (full 0):
 garbage-first heap   total 65536K, used 9213K [0x00000000fc000000, 0x0000000100000000)
  region size 1024K, 3 young (3072K), 3 survivors (3072K)
 Metaspace       used 4133K, capacity 6564K, committed 6784K, reserved 1056768K
  class space    used 515K, capacity 780K, committed 896K, reserved 1048576K
}

Deoptimization events (20 events):
Event: 1.067 Thread 0x00000249499def50 DEOPT PACKING pc=0x0000024953a7a65f sp=0x0000006b06bfadc0
Event: 1.068 Thread 0x00000249499def50 DEOPT UNPACKING pc=0x000002495347e23f sp=0x0000006b06bfa210 mode 0
Event: 1.156 Thread 0x00000249499def50 DEOPT PACKING pc=0x0000024953ab5210 sp=0x0000006b06bfab20
Event: 1.156 Thread 0x00000249499def50 DEOPT UNPACKING pc=0x000002495347e23f sp=0x0000006b06bfa038 mode 0
Event: 1.458 Thread 0x00000249499def50 Uncommon trap: trap_request=0xffffff45 fr.pc=0x000002495af38f44 relative=0x0000000000000604
Event: 1.458 Thread 0x00000249499def50 Uncommon trap: reason=unstable_if action=reinterpret pc=0x000002495af38f44 method=java.lang.AbstractStringBuilder.append(Ljava/lang/String;)Ljava/lang/AbstractStringBuilder; @ 1 c2
Event: 1.458 Thread 0x00000249499def50 DEOPT PACKING pc=0x000002495af38f44 sp=0x0000006b06bfd1e0
Event: 1.458 Thread 0x00000249499def50 DEOPT UNPACKING pc=0x000002495347e42f sp=0x0000006b06bfd160 mode 2
Event: 1.458 Thread 0x00000249499def50 Uncommon trap: trap_request=0xffffff45 fr.pc=0x000002495af3c354 relative=0x0000000000000614
Event: 1.458 Thread 0x00000249499def50 Uncommon trap: reason=unstable_if action=reinterpret pc=0x000002495af3c354 method=java.lang.AbstractStringBuilder.append(Ljava/lang/String;)Ljava/lang/AbstractStringBuilder; @ 1 c2
Event: 1.458 Thread 0x00000249499def50 DEOPT PACKING pc=0x000002495af3c354 sp=0x0000006b06bfd180
Event: 1.458 Thread 0x00000249499def50 DEOPT UNPACKING pc=0x000002495347e42f sp=0x0000006b06bfd168 mode 2
Event: 82.512 Thread 0x00000249499def50 Uncommon trap: trap_request=0xffffff45 fr.pc=0x000002495af80554 relative=0x00000000000001b4
Event: 82.512 Thread 0x00000249499def50 Uncommon trap: reason=unstable_if action=reinterpret pc=0x000002495af80554 method=com.esotericsoftware.kryo.io.Input.require(I)I @ 65 c2
Event: 82.512 Thread 0x00000249499def50 DEOPT PACKING pc=0x000002495af80554 sp=0x0000006b06bfcec0
Event: 82.512 Thread 0x00000249499def50 DEOPT UNPACKING pc=0x000002495347e42f sp=0x0000006b06bfce70 mode 2
Event: 87.018 Thread 0x00000249499def50 Uncommon trap: trap_request=0xffffff45 fr.pc=0x000002495af5b184 relative=0x0000000000001264
Event: 87.018 Thread 0x00000249499def50 Uncommon trap: reason=unstable_if action=reinterpret pc=0x000002495af5b184 method=java.util.concurrent.ConcurrentHashMap.putVal(Ljava/lang/Object;Ljava/lang/Object;Z)Ljava/lang/Object; @ 231 c2
Event: 87.018 Thread 0x00000249499def50 DEOPT PACKING pc=0x000002495af5b184 sp=0x0000006b06bfca10
Event: 87.018 Thread 0x00000249499def50 DEOPT UNPACKING pc=0x000002495347e42f sp=0x0000006b06bfc980 mode 2

Classes unloaded (0 events):
No events

Classes redefined (0 events):
No events

Internal exceptions (20 events):
Event: 1.017 Thread 0x00000249499def50 Exception <a 'java/lang/NoSuchMethodError'{0x00000000ffcaf5f8}: 'java.lang.Object java.lang.invoke.DirectMethodHandle$Holder.invokeInterface(java.lang.Object, java.lang.Object, java.lang.Object)'> (0x00000000ffcaf5f8) 
thrown [./open/src/hotspot/share/interpreter/linkResolver.cpp, line 782]
Event: 1.043 Thread 0x00000249499def50 Implicit null exception at 0x000002495af52813 to 0x000002495af52c3c
Event: 1.043 Thread 0x00000249499def50 Implicit null exception at 0x000002495af3fb93 to 0x000002495af3ffd0
Event: 1.043 Thread 0x00000249499def50 Implicit null exception at 0x000002495af34a2f to 0x000002495af34aa9
Event: 1.073 Thread 0x00000249499def50 Exception <a 'java/lang/NoSuchMethodError'{0x00000000ffa70918}: 'java.lang.Object java.lang.invoke.DirectMethodHandle$Holder.invokeStatic(java.lang.Object)'> (0x00000000ffa70918) 
thrown [./open/src/hotspot/share/interpreter/linkResolver.cpp, line 782]
Event: 1.073 Thread 0x00000249499def50 Exception <a 'java/lang/NoSuchMethodError'{0x00000000ffa74230}: 'java.lang.Object java.lang.invoke.DirectMethodHandle$Holder.invokeStaticInit(java.lang.Object)'> (0x00000000ffa74230) 
thrown [./open/src/hotspot/share/interpreter/linkResolver.cpp, line 782]
Event: 1.089 Thread 0x00000249499def50 Exception <a 'java/lang/NoSuchMethodError'{0x00000000ff94c5b0}: 'java.lang.Object java.lang.invoke.DirectMethodHandle$Holder.invokeInterface(java.lang.Object, java.lang.Object)'> (0x00000000ff94c5b0) 
thrown [./open/src/hotspot/share/interpreter/linkResolver.cpp, line 782]
Event: 1.090 Thread 0x00000249499def50 Exception <a 'java/lang/NoSuchMethodError'{0x00000000ff954ee8}: 'java.lang.Object java.lang.invoke.DirectMethodHandle$Holder.invokeStaticInit(java.lang.Object, java.lang.Object, java.lang.Object)'> (0x00000000ff954ee8) 
thrown [./open/src/hotspot/share/interpreter/linkResolver.cpp, line 782]
Event: 1.209 Thread 0x00000249499def50 Exception <a 'java/lang/NoSuchMethodError'{0x00000000ff57b2f8}: 'java.lang.Object java.lang.invoke.DirectMethodHandle$Holder.invokeStaticInit(java.lang.Object, int, int, int, int)'> (0x00000000ff57b2f8) 
thrown [./open/src/hotspot/share/interpreter/linkResolver.cpp, line 782]
Event: 1.283 Thread 0x00000249499def50 Exception <a 'java/lang/NoSuchMethodError'{0x00000000ff5c7cc0}: 'java.lang.Object java.lang.invoke.DirectMethodHandle$Holder.invokeStaticInit(java.lang.Object, java.lang.Object, int, int, int, int)'> (0x00000000ff5c7cc0) 
thrown [./open/src/hotspot/share/interpreter/linkResolver.cpp, line 782]
Event: 1.442 Thread 0x00000249499def50 Exception <a 'java/lang/NoSuchMethodError'{0x00000000ff5f7a38}: 'void java.lang.invoke.DirectMethodHandle$Holder.invokeStatic(java.lang.Object, java.lang.Object, java.lang.Object)'> (0x00000000ff5f7a38) 
thrown [./open/src/hotspot/share/interpreter/linkResolver.cpp, line 782]
Event: 1.458 Thread 0x00000249499def50 Implicit null exception at 0x000002495af38974 to 0x000002495af38f2c
Event: 1.458 Thread 0x00000249499def50 Implicit null exception at 0x000002495af3bd74 to 0x000002495af3c338
Event: 87.037 Thread 0x00000249499def50 Exception <a 'java/lang/NoSuchMethodError'{0x00000000ff056bb0}: static Lorg/gradle/tooling/internal/provider/serialization/ClassLoaderDetails;.<clinit>()V> (0x00000000ff056bb0) 
thrown [./open/src/hotspot/share/prims/jni.cpp, line 1204]
Event: 87.039 Thread 0x00000249499def50 Exception <a 'java/lang/NoSuchMethodError'{0x00000000ff0713d8}: static Lorg/gradle/internal/classloader/ClassLoaderSpec;.<clinit>()V> (0x00000000ff0713d8) 
thrown [./open/src/hotspot/share/prims/jni.cpp, line 1204]
Event: 87.051 Thread 0x00000249499def50 Exception <a 'java/lang/NoSuchMethodError'{0x00000000ff0b7580}: static Lorg/gradle/tooling/internal/provider/serialization/WellKnownClassLoaderRegistry$KnownClassLoaderSpec;.<clinit>()V> (0x00000000ff0b7580) 
thrown [./open/src/hotspot/share/prims/jni.cpp, line 1204]
Event: 87.054 Thread 0x00000249499def50 Exception <a 'java/lang/NoSuchMethodError'{0x00000000ff0d0db0}: static Lorg/gradle/internal/classloader/ClassLoaderSpec;.<clinit>()V> (0x00000000ff0d0db0) 
thrown [./open/src/hotspot/share/prims/jni.cpp, line 1204]
Event: 87.056 Thread 0x00000249499def50 Exception <a 'java/lang/NoSuchMethodError'{0x00000000ff0e08d0}: static Lorg/gradle/internal/classloader/VisitableURLClassLoader$Spec;.<clinit>()V> (0x00000000ff0e08d0) 
thrown [./open/src/hotspot/share/prims/jni.cpp, line 1204]
Event: 87.101 Thread 0x00000249499def50 Exception <a 'java/lang/NoSuchMethodError'{0x00000000fef7bdb0}: static Lorg/gradle/internal/classloader/FilteringClassLoader$Spec;.<clinit>()V> (0x00000000fef7bdb0) 
thrown [./open/src/hotspot/share/prims/jni.cpp, line 1204]
Event: 87.104 Thread 0x00000249499def50 Exception <a 'java/lang/NoSuchMethodError'{0x00000000fef99b18}: static Lorg/gradle/internal/classloader/CachingClassLoader$Spec;.<clinit>()V> (0x00000000fef99b18) 
thrown [./open/src/hotspot/share/prims/jni.cpp, line 1204]

Events (20 events):
Event: 87.037 loading class java/io/ObjectStreamClass$3
Event: 87.037 loading class java/io/ObjectStreamClass$3 done
Event: 87.037 loading class java/io/ObjectStreamClass$4
Event: 87.037 loading class java/io/ObjectStreamClass$4 done
Event: 87.037 loading class java/io/ObjectStreamClass$5
Event: 87.037 loading class java/io/ObjectStreamClass$5 done
Event: 87.038 loading class java/util/function/UnaryOperator
Event: 87.038 loading class java/util/function/UnaryOperator done
Event: 87.057 loading class java/net/UrlDeserializedState
Event: 87.057 loading class java/net/UrlDeserializedState done
Event: 87.057 loading class jdk/internal/reflect/UnsafeQualifiedStaticObjectFieldAccessorImpl
Event: 87.058 loading class jdk/internal/reflect/UnsafeQualifiedStaticObjectFieldAccessorImpl done
Event: 87.059 loading class java/net/Proxy
Event: 87.059 loading class java/net/Proxy done
Event: 87.060 loading class java/io/ObjectInputStream$GetFieldImpl
Event: 87.073 loading class java/io/ObjectInputStream$GetField
Event: 87.073 loading class java/io/ObjectInputStream$GetField done
Event: 87.073 loading class java/io/ObjectInputStream$GetFieldImpl done
Event: 87.092 loading class java/io/ObjectStreamClass$ExceptionInfo
Event: 87.092 loading class java/io/ObjectStreamClass$ExceptionInfo done


Dynamic libraries:
0x00007ff7fc170000 - 0x00007ff7fc17f000 	C:\Program Files\Java\jdk-15.0.1\bin\java.exe
0x00007ff8b6eb0000 - 0x00007ff8b70a8000 	C:\WINDOWS\SYSTEM32\ntdll.dll
0x00007ff8b5780000 - 0x00007ff8b583f000 	C:\WINDOWS\System32\KERNEL32.DLL
0x00007ff8b4990000 - 0x00007ff8b4c86000 	C:\WINDOWS\System32\KERNELBASE.dll
0x00007ff8b4590000 - 0x00007ff8b4690000 	C:\WINDOWS\System32\ucrtbase.dll
0x00007ff8ae660000 - 0x00007ff8ae679000 	C:\Program Files\Java\jdk-15.0.1\bin\VCRUNTIME140.dll
0x00007ff8ae680000 - 0x00007ff8ae698000 	C:\Program Files\Java\jdk-15.0.1\bin\jli.dll
0x00007ff8b66b0000 - 0x00007ff8b675f000 	C:\WINDOWS\System32\ADVAPI32.dll
0x00007ff8b5840000 - 0x00007ff8b58de000 	C:\WINDOWS\System32\msvcrt.dll
0x00007ff8b5030000 - 0x00007ff8b50cc000 	C:\WINDOWS\System32\sechost.dll
0x00007ff8b5650000 - 0x00007ff8b5776000 	C:\WINDOWS\System32\RPCRT4.dll
0x00007ff8b6510000 - 0x00007ff8b66ad000 	C:\WINDOWS\System32\USER32.dll
0x00007ff8b4c90000 - 0x00007ff8b4cb2000 	C:\WINDOWS\System32\win32u.dll
0x00007ff89ed70000 - 0x00007ff89f00a000 	C:\WINDOWS\WinSxS\amd64_microsoft.windows.common-controls_6595b64144ccf1df_6.0.19041.1110_none_60b5254171f9507e\COMCTL32.dll
0x00007ff8b6b70000 - 0x00007ff8b6b9c000 	C:\WINDOWS\System32\GDI32.dll
0x00007ff8b4690000 - 0x00007ff8b47a5000 	C:\WINDOWS\System32\gdi32full.dll
0x00007ff8b4cc0000 - 0x00007ff8b4d5d000 	C:\WINDOWS\System32\msvcp_win.dll
0x00007ff8abed0000 - 0x00007ff8abeda000 	C:\WINDOWS\SYSTEM32\VERSION.dll
0x00007ff8b6760000 - 0x00007ff8b6790000 	C:\WINDOWS\System32\IMM32.DLL
0x00007ff8b0040000 - 0x00007ff8b004c000 	C:\Program Files\Java\jdk-15.0.1\bin\vcruntime140_1.dll
0x00007ff867ad0000 - 0x00007ff867b61000 	C:\Program Files\Java\jdk-15.0.1\bin\msvcp140.dll
0x00007ff861aa0000 - 0x00007ff8625fe000 	C:\Program Files\Java\jdk-15.0.1\bin\server\jvm.dll
0x00007ff8b5020000 - 0x00007ff8b5028000 	C:\WINDOWS\System32\PSAPI.DLL
0x00007ff874160000 - 0x00007ff874169000 	C:\WINDOWS\SYSTEM32\WSOCK32.dll
0x00007ff8b58e0000 - 0x00007ff8b594b000 	C:\WINDOWS\System32\WS2_32.dll
0x00007ff8a86b0000 - 0x00007ff8a86d7000 	C:\WINDOWS\SYSTEM32\WINMM.dll
0x00007ff8b2de0000 - 0x00007ff8b2df2000 	C:\WINDOWS\SYSTEM32\kernel.appcore.dll
0x00007ff8ae810000 - 0x00007ff8ae81a000 	C:\Program Files\Java\jdk-15.0.1\bin\jimage.dll
0x00007ff8b2420000 - 0x00007ff8b2604000 	C:\WINDOWS\SYSTEM32\DBGHELP.DLL
0x00007ff899ec0000 - 0x00007ff899ef4000 	C:\WINDOWS\SYSTEM32\dbgcore.DLL
0x00007ff8b47b0000 - 0x00007ff8b4832000 	C:\WINDOWS\System32\bcryptPrimitives.dll
0x00007ff8adaa0000 - 0x00007ff8adac5000 	C:\Program Files\Java\jdk-15.0.1\bin\java.dll
0x00007ff8b5950000 - 0x00007ff8b6094000 	C:\WINDOWS\System32\SHELL32.dll
0x00007ff8b2630000 - 0x00007ff8b2dc3000 	C:\WINDOWS\SYSTEM32\windows.storage.dll
0x00007ff8b6810000 - 0x00007ff8b6b64000 	C:\WINDOWS\System32\combase.dll
0x00007ff8b3ff0000 - 0x00007ff8b401e000 	C:\WINDOWS\SYSTEM32\Wldp.dll
0x00007ff8b5590000 - 0x00007ff8b563d000 	C:\WINDOWS\System32\SHCORE.dll
0x00007ff8b6e10000 - 0x00007ff8b6e65000 	C:\WINDOWS\System32\shlwapi.dll
0x00007ff8b44d0000 - 0x00007ff8b44ef000 	C:\WINDOWS\SYSTEM32\profapi.dll
0x00007ff8ab240000 - 0x00007ff8ab259000 	C:\Program Files\Java\jdk-15.0.1\bin\net.dll
0x00007ff8ab260000 - 0x00007ff8ab36a000 	C:\WINDOWS\SYSTEM32\WINHTTP.dll
0x00007ff8b3d50000 - 0x00007ff8b3dba000 	C:\WINDOWS\system32\mswsock.dll
0x00007ff8a7f30000 - 0x00007ff8a7f42000 	C:\Program Files\Java\jdk-15.0.1\bin\nio.dll
0x00007ff8a4ba0000 - 0x00007ff8a4bb8000 	C:\Program Files\Java\jdk-15.0.1\bin\zip.dll
0x00007ff8ae6e0000 - 0x00007ff8ae6f0000 	C:\Program Files\Java\jdk-15.0.1\bin\verify.dll
0x00007ff89d6b0000 - 0x00007ff89d6d7000 	C:\Users\LEGION\.gradle\native\e1d6ef7f7dcc3fd88c89a11ec53ec762bb8ba0a96d01ffa2cd45eb1d1d8dd5c5\windows-amd64\native-platform.dll
0x00007ff8aee30000 - 0x00007ff8aee3a000 	C:\Users\LEGION\.gradle\native\jansi\1.18\windows64\jansi.dll
0x00007ff8ada90000 - 0x00007ff8ada99000 	C:\Program Files\Java\jdk-15.0.1\bin\management.dll
0x00007ff8a8000000 - 0x00007ff8a800b000 	C:\Program Files\Java\jdk-15.0.1\bin\management_ext.dll
0x00007ff8b3f50000 - 0x00007ff8b3f68000 	C:\WINDOWS\SYSTEM32\CRYPTSP.dll
0x00007ff8b3600000 - 0x00007ff8b3634000 	C:\WINDOWS\system32\rsaenh.dll
0x00007ff8b4840000 - 0x00007ff8b4867000 	C:\WINDOWS\System32\bcrypt.dll
0x00007ff8b4490000 - 0x00007ff8b44be000 	C:\WINDOWS\SYSTEM32\USERENV.dll
0x00007ff8b3f40000 - 0x00007ff8b3f4c000 	C:\WINDOWS\SYSTEM32\CRYPTBASE.dll
0x00007ff8b39f0000 - 0x00007ff8b3a2c000 	C:\WINDOWS\SYSTEM32\IPHLPAPI.DLL
0x00007ff8b50d0000 - 0x00007ff8b50d8000 	C:\WINDOWS\System32\NSI.dll
0x00007ff8abf30000 - 0x00007ff8abf47000 	C:\WINDOWS\SYSTEM32\dhcpcsvc6.DLL
0x00007ff8ac2e0000 - 0x00007ff8ac2fd000 	C:\WINDOWS\SYSTEM32\dhcpcsvc.DLL
0x00007ff8b3a40000 - 0x00007ff8b3b0b000 	C:\WINDOWS\SYSTEM32\DNSAPI.dll

dbghelp: loaded successfully - version: 4.0.5 - missing functions: none
symbol engine: initialized successfully - sym options: 0x614 - pdb path: .;C:\Program Files\Java\jdk-15.0.1\bin;C:\WINDOWS\SYSTEM32;C:\WINDOWS\WinSxS\amd64_microsoft.windows.common-controls_6595b64144ccf1df_6.0.19041.1110_none_60b5254171f9507e;C:\Program Files\Java\jdk-15.0.1\bin\server;C:\Users\LEGION\.gradle\native\e1d6ef7f7dcc3fd88c89a11ec53ec762bb8ba0a96d01ffa2cd45eb1d1d8dd5c5\windows-amd64;C:\Users\LEGION\.gradle\native\jansi\1.18\windows64

VM Arguments:
jvm_args: -Xmx64m -Xms64m -Dorg.gradle.appname=gradlew 
java_command: org.gradle.wrapper.GradleWrapperMain app:installDebug -PreactNativeDevServerPort=8081
java_class_path (initial): E:\xampp\htdocs\DelfApp\android\\gradle\wrapper\gradle-wrapper.jar
Launcher Type: SUN_STANDARD

[Global flags]
     intx CICompilerCount                          = 4                                         {product} {ergonomic}
     uint ConcGCThreads                            = 3                                         {product} {ergonomic}
     uint G1ConcRefinementThreads                  = 10                                        {product} {ergonomic}
   size_t G1HeapRegionSize                         = 1048576                                   {product} {ergonomic}
    uintx GCDrainStackTargetSize                   = 64                                        {product} {ergonomic}
   size_t InitialHeapSize                          = 67108864                                  {product} {command line}
   size_t MarkStackSize                            = 4194304                                   {product} {ergonomic}
   size_t MaxHeapSize                              = 67108864                                  {product} {command line}
   size_t MaxNewSize                               = 39845888                                  {product} {ergonomic}
   size_t MinHeapDeltaBytes                        = 1048576                                   {product} {ergonomic}
   size_t MinHeapSize                              = 67108864                                  {product} {command line}
    uintx NonNMethodCodeHeapSize                   = 5839372                                {pd product} {ergonomic}
    uintx NonProfiledCodeHeapSize                  = 122909434                              {pd product} {ergonomic}
    uintx ProfiledCodeHeapSize                     = 122909434                              {pd product} {ergonomic}
    uintx ReservedCodeCacheSize                    = 251658240                              {pd product} {ergonomic}
     bool SegmentedCodeCache                       = true                                      {product} {ergonomic}
   size_t SoftMaxHeapSize                          = 67108864                               {manageable} {ergonomic}
     bool UseCompressedClassPointers               = true                                 {lp64_product} {ergonomic}
     bool UseCompressedOops                        = true                                 {lp64_product} {ergonomic}
     bool UseG1GC                                  = true                                      {product} {ergonomic}
     bool UseLargePagesIndividualAllocation        = false                                  {pd product} {ergonomic}

Logging:
Log output configuration:
 #0: stdout all=warning uptime,level,tags
 #1: stderr all=off uptime,level,tags

Environment Variables:
CLASSPATH=E:\xampp\htdocs\DelfApp\android\\gradle\wrapper\gradle-wrapper.jar
PATH=E:\xampp\htdocs\DelfApp\android\node_modules\.bin;E:\xampp\htdocs\DelfApp\node_modules\.bin;E:\xampp\htdocs\node_modules\.bin;E:\xampp\node_modules\.bin;E:\node_modules\.bin;E:\nodejs;C:\Users\LEGION\AppData\Local\Temp\yarn--1684309692960-0.9865593808306967;E:\xampp\htdocs\DelfApp\node_modules\.bin;C:\Users\LEGION\AppData\Local\Yarn\Data\link\node_modules\.bin;C:\Users\LEGION\AppData\Local\Yarn\bin;E:\libexec\lib\node_modules\npm\bin\node-gyp-bin;E:\lib\node_modules\npm\bin\node-gyp-bin;E:\nodejs\node_modules\npm\bin\node-gyp-bin;C:\Program Files\NVIDIA GPU Computing Toolkit\CUDA\v11.0\bin;C:\Program Files\NVIDIA GPU Computing Toolkit\CUDA\v11.0\libnvvp;E:\VMware\VMware Workstation\bin\;C:\Program Files\Common Files\Oracle\Java\javapath;C:\ProgramData\Oracle\Java\javapath;C:\Windows\system32;C:\Windows;C:\Windows\System32\Wbem;C:\Windows\System32\WindowsPowerShell\v1.0\;C:\Windows\System32\OpenSSH\;C:\Program Files (x86)\NVIDIA Corporation\PhysX\Common;C:\Program Files\NVIDIA Corporation\NVIDIA NvDLISR;C:\Program Files\Microsoft SQL Server\Client SDK\ODBC\170\Tools\Binn\;C:\Program Files (x86)\Microsoft SQL Server\150\Tools\Binn\;C:\Program Files\Microsoft SQL Server\150\Tools\Binn\;C:\Program Files\Microsoft SQL Server\150\DTS\Binn\;C:\Program Files (x86)\mingw-w64\i686-8.1.0-posix-dwarf-rt_v6-rev0;C:\WINDOWS\system32;C:\WINDOWS;C:\WINDOWS\System32\Wbem;C:\WINDOWS\System32\WindowsPowerShell\v1.0\;C:\WINDOWS\System32\OpenSSH\;C:\Program Files\Git\cmd;E:\xampp\php;E:\composer;E:\nodejs\;C:\Users\LEGION\AppData\Local\Android\Sdk\platform-tools;C:\Program Files (x86)\IVI Foundation\VISA\WinNT\Bin;D:\cuda\bin;C:\Program Files\Java\jdk-15.0.1\bin;E:\xampp\htdocs\protoc-3.12.4-win64\bin;C:\Program Files\NVIDIA Corporation\Nsight Compute 2019.1\;C:\Program Files (x86)\Microsoft SQL Server\160\DTS\Binn\;C:\Program Files\Azure Data Studio\bin;C:\Program Files (x86)\Microsoft SQL Server\150\DTS\Binn\;C:\Program Files\Microsoft SQL Server\130\Tools\Binn\;C:\Program Files (x8
USERNAME=LEGION
OS=Windows_NT
PROCESSOR_IDENTIFIER=AMD64 Family 23 Model 96 Stepping 1, AuthenticAMD



---------------  S Y S T E M  ---------------

OS:
 Windows 10 , 64 bit Build 19041 (10.0.19041.2913)
OS uptime: 0 days 20:36 hours

CPU: total 12 (initial active 12) (12 cores per cpu, 2 threads per core) family 23 model 96 stepping 1 microcode 0x0, cmov, cx8, fxsr, mmx, sse, sse2, sse3, ssse3, sse4.1, sse4.2, popcnt, vzeroupper, avx, avx2, aes, clmul, 3dnowpref, lzcnt, sse4a, ht, tsc, tscinvbit, tscinv, bmi1, bmi2, adx, sha, fma, clflush, clflushopt

Memory: 4k page, system-wide physical 16253M (1650M free)
TotalPageFile size 26627M (AvailPageFile size 3M)
current process WorkingSet (physical memory assigned to process): 92M, peak: 92M
current process commit charge ("private bytes"): 170M, peak: 171M

vm_info: Java HotSpot(TM) 64-Bit Server VM (15.0.1+9-18) for windows-amd64 JRE (15.0.1+9-18), built on Sep 15 2020 14:43:54 by "mach5one" with unknown MS VC++:1925

END.
